<?xml version="1.0" encoding="UTF-8"?>
<!-- Generated by org.testng.reporters.JUnitReportReporter -->
<testsuite hostname="9-6-" failures="0" tests="1" name="org.example.testRunner.runners" time="31.186" errors="0" timestamp="2023-01-09T04:35:30 GMT+02:00" skipped="0">
  <testcase classname="org.example.testRunner.runners" name="runScenario" time="31.186"/>
  <system-out/>
</testsuite> <!-- org.example.testRunner.runners -->
